Copyright 1986-2015 Xilinx, Inc. All Rights Reserved.
---------------------------------------------------------------------------------------
| Tool Version : Vivado v.2015.2 (lin64) Build 1266856 Fri Jun 26 16:35:25 MDT 2015
| Date         : Mon May 18 03:59:15 2026
| Host         : dPonderStation running 64-bit Arch Linux
| Command      : report_control_sets -verbose -file AHBliteTop_control_sets_placed.rpt
| Design       : AHBliteTop
| Device       : xc7a100t
---------------------------------------------------------------------------------------

Control Set Information

Table of Contents
-----------------
1. Summary
2. Flip-Flop Distribution
3. Detailed Control Set Information

1. Summary
----------

+-------------------------------------------------------------------+-------+
|                               Status                              | Count |
+-------------------------------------------------------------------+-------+
| Number of unique control sets                                     |   186 |
| Minimum Number of register sites lost to control set restrictions |   576 |
+-------------------------------------------------------------------+-------+


2. Flip-Flop Distribution
-------------------------

+--------------+-----------------------+------------------------+-----------------+--------------+
| Clock Enable | Synchronous Set/Reset | Asynchronous Set/Reset | Total Registers | Total Slices |
+--------------+-----------------------+------------------------+-----------------+--------------+
| No           | No                    | No                     |               2 |            1 |
| No           | No                    | Yes                    |             263 |          184 |
| No           | Yes                   | No                     |             142 |           52 |
| Yes          | No                    | No                     |               0 |            0 |
| Yes          | No                    | Yes                    |             584 |          391 |
| Yes          | Yes                   | No                     |             617 |          244 |
+--------------+-----------------------+------------------------+-----------------+--------------+


3. Detailed Control Set Information
-----------------------------------

+--------------------+-------------------------------------------+-----------------------------------+------------------+----------------+
|    Clock Signal    |               Enable Signal               |          Set/Reset Signal         | Slice Load Count | Bel Load Count |
+--------------------+-------------------------------------------+-----------------------------------+------------------+----------------+
|  clockGen/clk_out1 | cpu/u_logic/Rfpvx4                        | cpu/u_logic/Y1n2z4_i_1_n_0        |                1 |              1 |
|  clockGen/clk_out1 | cpu/u_logic/Kdyvx4                        | cpu/u_logic/Cps2z4_i_3_n_0        |                1 |              1 |
|  clockGen/clk_out1 | cpu/u_logic/Hfyvx4                        | cpu/u_logic/Y1n2z4_i_1_n_0        |                1 |              1 |
|  clockGen/clk_out1 | cpu/u_logic/L0uvx4                        | cpu/u_logic/Ytm2z4_i_1_n_0        |                1 |              1 |
|  clockGen/clk_out1 | cpu/u_logic/Hfyvx4                        | cpu/u_logic/Ytm2z4_i_1_n_0        |                1 |              1 |
|  clockGen/clk_out1 | cpu/u_logic/Okn2z4_i_1_n_0                | cpu/u_logic/Ypi3z4_i_2_n_0        |                1 |              1 |
|  clockGen/clk_out1 | cpu/u_logic/Ofyvx4                        | cpu/u_logic/Glj2z4_i_1_n_0        |                1 |              1 |
|  clockGen/clk_out1 | cpu/u_logic/Ofyvx4                        | cpu/u_logic/Y1n2z4_i_1_n_0        |                1 |              1 |
|  clockGen/clk_out1 | cpu/u_logic/Qztvx4                        | cpu/u_logic/Glj2z4_i_1_n_0        |                1 |              1 |
|  clockGen/clk_out1 | cpu/u_logic/Qztvx4                        | cpu/u_logic/Ypi3z4_i_2_n_0        |                1 |              1 |
|  clockGen/clk_out1 | cpu/u_logic/Siqvx4                        | cpu/u_logic/Cps2z4_i_3_n_0        |                1 |              1 |
|  clockGen/clk_out1 | cpu/u_logic/Hfyvx4                        | cpu/u_logic/Cps2z4_i_3_n_0        |                1 |              1 |
|  clockGen/clk_out1 | cpu/u_logic/Rfpvx4                        | cpu/u_logic/Glj2z4_i_1_n_0        |                1 |              1 |
|  clockGen/clk_out1 | cpu/u_logic/Rdyvx4                        | cpu/u_logic/Cps2z4_i_3_n_0        |                1 |              1 |
|  clockGen/clk_out1 | cpu/u_logic/Teyvx4                        | cpu/u_logic/Ypi3z4_i_2_n_0        |                1 |              1 |
|  clockGen/clk_out1 | cpu/u_logic/W2uvx4                        | cpu/u_logic/Glj2z4_i_1_n_0        |                1 |              1 |
|  clockGen/clk_out1 | cpu/u_logic/W2uvx4                        | cpu/u_logic/Ypi3z4_i_2_n_0        |                1 |              1 |
|  clockGen/clk_out1 | mux/JA_OBUF[1]                            | cpu/u_logic/Y1n2z4_i_1_n_0        |                1 |              1 |
|  clockGen/clk_out1 | cpu/u_logic/Vfyvx4                        | cpu/u_logic/Ytm2z4_i_1_n_0        |                1 |              1 |
|  clockGen/clk_out1 | cpu/u_logic/Z0uvx4                        | cpu/u_logic/Ytm2z4_i_1_n_0        |                1 |              1 |
|  clockGen/clk_out1 | mux/JA_OBUF[1]                            | cpu/u_logic/Ytm2z4_i_1_n_0        |                1 |              1 |
|  clockGen/clk_out1 | cpu/u_logic/Ydyvx4                        | cpu/u_logic/Ypi3z4_i_2_n_0        |                1 |              1 |
|  clockGen/clk_out1 | cpu/u_logic/Yafwx4                        | cpu/u_logic/Cps2z4_i_3_n_0        |                1 |              1 |
|  clockGen/clk_out1 | cpu/u_logic/Yafwx4                        | cpu/u_logic/Glj2z4_i_1_n_0        |                1 |              1 |
|  clockGen/clk_out1 | mux/JA_OBUF[1]                            | cpu/u_logic/Cps2z4_i_3_n_0        |                2 |              2 |
|  clockGen/clk_out1 | cpu/u_logic/C5ovx4                        | cpu/u_logic/Glj2z4_i_1_n_0        |                2 |              2 |
|  clockGen/clk_out1 | cpu/u_logic/Ddyvx4                        | cpu/u_logic/Ek03z4_i_3_n_0        |                2 |              2 |
|  clockGen/clk_out1 | cpu/u_logic/Afyvx4                        | cpu/u_logic/Ek03z4_i_3_n_0        |                2 |              2 |
|  clockGen/clk_out1 | cpu/u_logic/Hfyvx4                        | cpu/u_logic/Ypi3z4_i_2_n_0        |                2 |              2 |
|  clockGen/clk_out1 |                                           |                                   |                1 |              2 |
|  clockGen/clk_out1 | cpu/u_logic/I4zvx4                        | cpu/u_logic/Ypi3z4_i_2_n_0        |                2 |              2 |
|  clockGen/clk_out1 | cpu/u_logic/Kdyvx4                        | cpu/u_logic/Ek03z4_i_3_n_0        |                2 |              2 |
|  clockGen/clk_out1 | cpu/u_logic/Meyvx4                        | cpu/u_logic/P9h3z4_i_2_n_0        |                2 |              2 |
|  clockGen/clk_out1 | cpu/u_logic/Meyvx4                        | cpu/u_logic/Ypi3z4_i_2_n_0        |                2 |              2 |
|  clockGen/clk_out1 | cpu/u_logic/Siqvx4                        | cpu/u_logic/Ypi3z4_i_2_n_0        |                2 |              2 |
|  clockGen/clk_out1 | cpu/u_logic/Rfpvx4                        | cpu/u_logic/Cps2z4_i_3_n_0        |                1 |              2 |
|  clockGen/clk_out1 | cpu/u_logic/W2uvx4                        | cpu/u_logic/Y1n2z4_i_1_n_0        |                1 |              2 |
|  clockGen/clk_out1 | cpu/u_logic/Vytvx4                        | cpu/u_logic/Cps2z4_i_3_n_0        |                2 |              2 |
|  clockGen/clk_out1 | cpu/u_logic/Vytvx4                        | cpu/u_logic/Ypi3z4_i_2_n_0        |                1 |              2 |
|  clockGen/clk_out1 | cpu/u_logic/Ydyvx4                        | cpu/u_logic/Ek03z4_i_3_n_0        |                2 |              2 |
|  clockGen/clk_out1 | cpu/u_logic/Yafwx4                        | cpu/u_logic/Ek03z4_i_3_n_0        |                1 |              2 |
|  clockGen/clk_out1 | cpu/u_logic/L0uvx4                        | cpu/u_logic/Y1n2z4_i_1_n_0        |                1 |              3 |
|  clockGen/clk_out1 | cpu/u_logic/Feyvx4                        | cpu/u_logic/Cps2z4_i_3_n_0        |                3 |              3 |
|  clockGen/clk_out1 | cpu/u_logic/Wcyvx4                        | cpu/u_logic/Glj2z4_i_1_n_0        |                2 |              3 |
|  clockGen/clk_out1 | cpu/u_logic/Wcyvx4                        | cpu/u_logic/Ypi3z4_i_2_n_0        |                3 |              3 |
|  clockGen/clk_out1 | cpu/u_logic/Meyvx4                        | cpu/u_logic/Ek03z4_i_3_n_0        |                2 |              3 |
|  clockGen/clk_out1 | cpu/u_logic/Ofyvx4                        | cpu/u_logic/Ypi3z4_i_2_n_0        |                3 |              3 |
|  clockGen/clk_out1 | cpu/u_logic/Wcyvx4                        | cpu/u_logic/Ytm2z4_i_1_n_0        |                3 |              3 |
|  clockGen/clk_out1 | cpu/u_logic/Z0uvx4                        | cpu/u_logic/Ypi3z4_i_2_n_0        |                1 |              3 |
|  clockGen/clk_out1 | cpu/u_logic/Feyvx4                        | cpu/u_logic/Ypi3z4_i_2_n_0        |                3 |              3 |
|  clockGen/clk_out1 | cpu/u_logic/I4zvx4                        | cpu/u_logic/Cps2z4_i_3_n_0        |                3 |              3 |
|  clockGen/clk_out1 | cpu/u_logic/I4zvx4                        | cpu/u_logic/Ytm2z4_i_1_n_0        |                3 |              4 |
|  clockGen/clk_out1 | cpu/u_logic/L0uvx4                        | cpu/u_logic/Ypi3z4_i_2_n_0        |                1 |              4 |
|  clockGen/clk_out1 | ROM/loader/nibbleReg[2][3]_i_1_n_0        | resetGen/resetHW                  |                1 |              4 |
|  clockGen/clk_out1 | GPIO/clkDelay_reg[0][0]                   | resetGen/SR[0]                    |                1 |              4 |
|  clockGen/clk_out1 | ROM/loader/nibbleReg[3][3]_i_1_n_0        | resetGen/resetHW                  |                2 |              4 |
|  clockGen/clk_out1 | ROM/loader/nibbleReg[6][3]_i_1_n_0        | resetGen/resetHW                  |                2 |              4 |
|  clockGen/clk_out1 | cpu/u_logic/Vytvx4                        | cpu/u_logic/Y1n2z4_i_1_n_0        |                1 |              4 |
|  clockGen/clk_out1 | ROM/loader/nibbleReg[4][3]_i_1_n_0        | resetGen/resetHW                  |                2 |              4 |
|  clockGen/clk_out1 | ROM/loader/nibbleReg[5][3]_i_1_n_0        | resetGen/resetHW                  |                1 |              4 |
|  clockGen/clk_out1 | ROM/loader/nibbleReg[1][3]_i_1_n_0        | resetGen/resetHW                  |                1 |              4 |
|  clockGen/clk_out1 | ROM/loader/nibbleReg[0][3]_i_1_n_0        | resetGen/resetHW                  |                1 |              4 |
|  clockGen/clk_out1 | UART/uart2/w_ptr_reg_reg[3]               | resetGen/SR[0]                    |                2 |              4 |
|  clockGen/clk_out1 | mux/rConflict_reg[3]                      | RAM/rConflict[3]_i_1_n_0          |                2 |              4 |
|  clockGen/clk_out1 | cpu/u_logic/Z0uvx4                        | cpu/u_logic/Y1n2z4_i_1_n_0        |                2 |              4 |
|  clockGen/clk_out1 | GPIO/w_ptr_reg_reg[0]                     | resetGen/SR[0]                    |                1 |              4 |
|  clockGen/clk_out1 | GPIO/E[0]                                 | resetGen/SR[0]                    |                2 |              4 |
|  clockGen/clk_out1 | cpu/u_logic/K6yvx4                        | cpu/u_logic/Cps2z4_i_3_n_0        |                4 |              4 |
|  clockGen/clk_out1 | ROM/loader/nibbleReg[7][3]_i_1_n_0        | resetGen/resetHW                  |                2 |              4 |
|  clockGen/clk_out1 | ROM/loader/storeNibble                    | ROM/loader/nibbleCount[3]_i_1_n_0 |                2 |              4 |
|  clockGen/clk_out1 | GPIO/control_reg[3][0]                    | resetGen/SR[0]                    |                2 |              4 |
|  clockGen/clk_out1 | cpu/u_logic/C5ovx4                        | cpu/u_logic/Ek03z4_i_3_n_0        |                4 |              5 |
|  clockGen/clk_out1 | cpu/u_logic/Wcyvx4                        | cpu/u_logic/Y1n2z4_i_1_n_0        |                5 |              5 |
|  clockGen/clk_out1 | cpu/u_logic/Teyvx4                        | cpu/u_logic/Ek03z4_i_3_n_0        |                4 |              5 |
|  clockGen/clk_out1 | UART/uart2/bit8x                          | resetGen/SR[0]                    |                2 |              5 |
|  clockGen/clk_out1 |                                           | SPI/spi2/countClk[4]_i_1_n_0      |                1 |              5 |
|  clockGen/clk_out1 |                                           | clockGen/AR[0]                    |                2 |              5 |
|  clockGen/clk_out1 | cpu/u_logic/Siqvx4                        | cpu/u_logic/Y1n2z4_i_1_n_0        |                5 |              5 |
|  clockGen/clk_out1 | GPIO/frameBits_reg[5][0]                  | resetGen/SR[0]                    |                1 |              6 |
|  clockGen/clk_out1 | SPI/spi2/read_miso                        | SPI/spi2/countBit[5]_i_1_n_0      |                2 |              6 |
|  clockGen/clk_out1 | cpu/u_logic/Okn2z4_i_1_n_0                | cpu/u_logic/Cps2z4_i_3_n_0        |                5 |              6 |
|  clockGen/clk_out1 | cpu/u_logic/Okn2z4_i_1_n_0                | cpu/u_logic/Ek03z4_i_3_n_0        |                4 |              6 |
|  clockGen/clk_out1 | cpu/u_logic/Ofyvx4                        | cpu/u_logic/Ek03z4_i_3_n_0        |                5 |              6 |
|  clockGen/clk_out1 | cpu/u_logic/Wcyvx4                        | cpu/u_logic/Ek03z4_i_3_n_0        |                6 |              6 |
|  clockGen/clk_out1 | cpu/u_logic/Qztvx4                        | cpu/u_logic/Y1n2z4_i_1_n_0        |                3 |              6 |
|  clockGen/clk_out1 | ROM/uart1/bit8x                           | ROM/uart1/rxcount[6]_i_1_n_0      |                2 |              7 |
|  clockGen/clk_out1 | cpu/u_logic/C5ovx4                        | cpu/u_logic/Y1n2z4_i_1_n_0        |                5 |              7 |
|  clockGen/clk_out1 | cpu/u_logic/Feyvx4                        | cpu/u_logic/Ek03z4_i_3_n_0        |                5 |              7 |
|  clockGen/clk_out1 | cpu/u_logic/Vfyvx4                        | cpu/u_logic/Ek03z4_i_3_n_0        |                6 |              7 |
|  clockGen/clk_out1 | cpu/u_logic/Okn2z4_i_1_n_0                | cpu/u_logic/P9h3z4_i_2_n_0        |                5 |              7 |
|  clockGen/clk_out1 | cpu/u_logic/Ofyvx4                        | cpu/u_logic/Ytm2z4_i_1_n_0        |                6 |              7 |
|  clockGen/clk_out1 | UART/uart2/bit8x                          | UART/uart2/rxcount[6]_i_1__0_n_0  |                2 |              7 |
|  clockGen/clk_out1 | ROM/uart1/rxdout0                         | resetGen/resetHW                  |                1 |              8 |
|  clockGen/clk_out1 | GPIO/displayReg_reg[9][7][0]              | resetGen/SR[0]                    |                1 |              8 |
|  clockGen/clk_out1 | GPIO/displayReg_reg[8][7][0]              | resetGen/SR[0]                    |                3 |              8 |
|  clockGen/clk_out1 | GPIO/displayReg_reg[7][0][0]              | resetGen/SR[0]                    |                2 |              8 |
|  clockGen/clk_out1 | cpu/u_logic/I4zvx4                        | cpu/u_logic/Ek03z4_i_3_n_0        |                6 |              8 |
|  clockGen/clk_out1 | cpu/u_logic/Feyvx4                        | cpu/u_logic/Ytm2z4_i_1_n_0        |                8 |              8 |
|  clockGen/clk_out1 | GPIO/displayReg_reg[6][0][0]              | resetGen/SR[0]                    |                3 |              8 |
|  clockGen/clk_out1 | GPIO/displayReg_reg[5][0][0]              | resetGen/SR[0]                    |                3 |              8 |
|  clockGen/clk_out1 | GPIO/displayReg_reg[4][0][0]              | resetGen/SR[0]                    |                3 |              8 |
|  clockGen/clk_out1 | GPIO/out0L0                               | resetGen/SR[0]                    |                8 |              8 |
|  clockGen/clk_out1 | UART/uFIFO_TX/array_reg[6][7]_i_1_n_0     | resetGen/SR[0]                    |                3 |              8 |
|  clockGen/clk_out1 | GPIO/out0H0                               | resetGen/SR[0]                    |                3 |              8 |
|  clockGen/clk_out1 | UART/uFIFO_TX/array_reg[12][7]_i_1_n_0    | resetGen/SR[0]                    |                4 |              8 |
|  clockGen/clk_out1 | UART/uFIFO_TX/array_reg[13][7]_i_1_n_0    | resetGen/SR[0]                    |                3 |              8 |
|  clockGen/clk_out1 | UART/uFIFO_TX/array_reg[14][7]_i_1_n_0    | resetGen/SR[0]                    |                4 |              8 |
|  clockGen/clk_out1 | UART/uFIFO_TX/array_reg[15][7]_i_1_n_0    | resetGen/SR[0]                    |                3 |              8 |
|  clockGen/clk_out1 | UART/uFIFO_TX/array_reg[1][7]_i_1_n_0     | resetGen/SR[0]                    |                4 |              8 |
|  clockGen/clk_out1 | UART/uFIFO_TX/array_reg[4][7]_i_1_n_0     | resetGen/SR[0]                    |                5 |              8 |
|  clockGen/clk_out1 | UART/uFIFO_TX/array_reg[2][7]_i_1_n_0     | resetGen/SR[0]                    |                5 |              8 |
|  clockGen/clk_out1 | UART/uFIFO_TX/array_reg[3][7]_i_1__0_n_0  | resetGen/SR[0]                    |                4 |              8 |
|  clockGen/clk_out1 | UART/uFIFO_TX/array_reg[5][7]_i_1_n_0     | resetGen/SR[0]                    |                3 |              8 |
|  clockGen/clk_out1 | UART/uFIFO_TX/array_reg[11][7]_i_1_n_0    | resetGen/SR[0]                    |                4 |              8 |
|  clockGen/clk_out1 | UART/uFIFO_TX/array_reg[7][7]_i_1_n_0     | resetGen/SR[0]                    |                4 |              8 |
|  clockGen/clk_out1 | UART/uFIFO_TX/array_reg[8][7]_i_1_n_0     | resetGen/SR[0]                    |                5 |              8 |
|  clockGen/clk_out1 | UART/uFIFO_TX/array_reg[9][7]_i_1_n_0     | resetGen/SR[0]                    |                4 |              8 |
|  clockGen/clk_out1 | UART/uart2/rxdout0                        | resetGen/SR[0]                    |                2 |              8 |
|  clockGen/clk_out1 | SPI/spi2/E[0]                             | resetGen/SR[0]                    |                2 |              8 |
|  clockGen/clk_out1 | GPIO/out1L0                               | resetGen/SR[0]                    |                6 |              8 |
|  clockGen/clk_out1 | GPIO/displayReg_reg[3][0][0]              | resetGen/SR[0]                    |                2 |              8 |
|  clockGen/clk_out1 | GPIO/displayReg_reg[2][0][0]              | resetGen/SR[0]                    |                3 |              8 |
|  clockGen/clk_out1 | GPIO/displayReg_reg[1][0][0]              | resetGen/SR[0]                    |                2 |              8 |
|  clockGen/clk_out1 | GPIO/displayReg_reg[0][0][0]              | resetGen/SR[0]                    |                3 |              8 |
|  clockGen/clk_out1 | UART/uFIFO_RX/array_reg[1][7]_i_1__0_n_0  | resetGen/SR[0]                    |                3 |              8 |
|  clockGen/clk_out1 | cpu/u_logic/Vfyvx4                        | cpu/u_logic/Y1n2z4_i_1_n_0        |                4 |              8 |
|  clockGen/clk_out1 | GPIO/out1H0                               | resetGen/SR[0]                    |                3 |              8 |
|  clockGen/clk_out1 | UART/uFIFO_RX/array_reg[0][7]_i_1__0_n_0  | resetGen/SR[0]                    |                2 |              8 |
|  clockGen/clk_out1 | UART/uFIFO_RX/array_reg[10][7]_i_1__0_n_0 | resetGen/SR[0]                    |                4 |              8 |
|  clockGen/clk_out1 | UART/uFIFO_RX/array_reg[11][7]_i_1__0_n_0 | resetGen/SR[0]                    |                5 |              8 |
|  clockGen/clk_out1 | UART/uFIFO_RX/array_reg[12][7]_i_1__0_n_0 | resetGen/SR[0]                    |                4 |              8 |
|  clockGen/clk_out1 | UART/uFIFO_RX/array_reg[13][7]_i_1__0_n_0 | resetGen/SR[0]                    |                3 |              8 |
|  clockGen/clk_out1 | UART/uFIFO_RX/array_reg[14][7]_i_1__0_n_0 | resetGen/SR[0]                    |                4 |              8 |
|  clockGen/clk_out1 | UART/uFIFO_RX/array_reg[15][7]_i_1__0_n_0 | resetGen/SR[0]                    |                3 |              8 |
|  clockGen/clk_out1 | UART/uFIFO_TX/array_reg[10][7]_i_1_n_0    | resetGen/SR[0]                    |                3 |              8 |
|  clockGen/clk_out1 | UART/uFIFO_RX/array_reg[4][7]_i_1__0_n_0  | resetGen/SR[0]                    |                4 |              8 |
|  clockGen/clk_out1 | UART/uFIFO_RX/array_reg[2][7]_i_1__0_n_0  | resetGen/SR[0]                    |                3 |              8 |
|  clockGen/clk_out1 | UART/uFIFO_RX/array_reg[3][7]_i_1_n_0     | resetGen/SR[0]                    |                5 |              8 |
|  clockGen/clk_out1 | UART/uFIFO_RX/array_reg[5][7]_i_1__0_n_0  | resetGen/SR[0]                    |                3 |              8 |
|  clockGen/clk_out1 | UART/uFIFO_RX/array_reg[6][7]_i_1__0_n_0  | resetGen/SR[0]                    |                6 |              8 |
|  clockGen/clk_out1 | UART/uFIFO_RX/array_reg[7][7]_i_1__0_n_0  | resetGen/SR[0]                    |                3 |              8 |
|  clockGen/clk_out1 | UART/uFIFO_RX/array_reg[8][7]_i_1__0_n_0  | resetGen/SR[0]                    |                2 |              8 |
|  clockGen/clk_out1 | UART/uFIFO_RX/array_reg[9][7]_i_1__0_n_0  | resetGen/SR[0]                    |                3 |              8 |
|  clockGen/clk_out1 | UART/uFIFO_TX/array_reg[0][7]_i_1_n_0     | resetGen/SR[0]                    |                3 |              8 |
|  clockGen/clk_out1 | ROM/uart1/sample                          | resetGen/resetHW                  |                2 |              9 |
|  clockGen/clk_out1 | cpu/u_logic/Rdyvx4                        | cpu/u_logic/Ek03z4_i_3_n_0        |                6 |              9 |
|  clockGen/clk_out1 | cpu/u_logic/Siqvx4                        | cpu/u_logic/Ek03z4_i_3_n_0        |                6 |              9 |
|  clockGen/clk_out1 | cpu/u_logic/Rdyvx4                        | cpu/u_logic/Ytm2z4_i_1_n_0        |                6 |              9 |
|  clockGen/clk_out1 | UART/uart2/sample                         | resetGen/SR[0]                    |                2 |              9 |
|  clockGen/clk_out1 | cpu/u_logic/Okn2z4_i_1_n_0                | cpu/u_logic/Ytm2z4_i_1_n_0        |                8 |             10 |
|  clockGen/clk_out1 | cpu/u_logic/C5ovx4                        | cpu/u_logic/Ypi3z4_i_2_n_0        |                8 |             10 |
|  clockGen/clk_out1 | cpu/u_logic/Teyvx4                        | cpu/u_logic/Ytm2z4_i_1_n_0        |                7 |             11 |
|  clockGen/clk_out1 | cpu/u_logic/Feyvx4                        | cpu/u_logic/P9h3z4_i_2_n_0        |                8 |             11 |
|  clockGen/clk_out1 | cpu/u_logic/Wcyvx4                        | cpu/u_logic/P9h3z4_i_2_n_0        |                7 |             12 |
|  clockGen/clk_out1 | cpu/u_logic/Hfyvx4                        | cpu/u_logic/Ek03z4_i_3_n_0        |                8 |             12 |
|  clockGen/clk_out1 | UART/uart2/datareg0                       | resetGen/SR[0]                    |                4 |             12 |
|  clockGen/clk_out1 | cpu/u_logic/I4zvx4                        | cpu/u_logic/Glj2z4_i_1_n_0        |                6 |             13 |
|  clockGen/clk_out1 | cpu/u_logic/Rdyvx4                        | cpu/u_logic/P9h3z4_i_2_n_0        |                7 |             13 |
|  clockGen/clk_out1 | ROM/loader/wNow                           | resetGen/resetHW                  |                4 |             13 |
|  clockGen/clk_out1 | cpu/u_logic/Ofyvx4                        | cpu/u_logic/P9h3z4_i_2_n_0        |                8 |             14 |
|  clockGen/clk_out1 | cpu/u_logic/Ddyvx4                        | cpu/u_logic/Y1n2z4_i_1_n_0        |                8 |             14 |
|  clockGen/clk_out1 | cpu/u_logic/Kdyvx4                        | cpu/u_logic/Ytm2z4_i_1_n_0        |                9 |             14 |
|  clockGen/clk_out1 | cpu/u_logic/Afyvx4                        | cpu/u_logic/Y1n2z4_i_1_n_0        |                8 |             14 |
|  clockGen/clk_out1 | cpu/u_logic/Ydyvx4                        | cpu/u_logic/Ytm2z4_i_1_n_0        |                8 |             14 |
|  clockGen/clk_out1 | cpu/u_logic/Teyvx4                        | cpu/u_logic/P9h3z4_i_2_n_0        |                8 |             15 |
|  clockGen/clk_out1 | cpu/u_logic/Siqvx4                        | cpu/u_logic/Glj2z4_i_1_n_0        |                7 |             15 |
|  clockGen/clk_out1 | cpu/u_logic/Kdyvx4                        | cpu/u_logic/P9h3z4_i_2_n_0        |                9 |             15 |
|  clockGen/clk_out1 | cpu/u_logic/Ydyvx4                        | cpu/u_logic/P9h3z4_i_2_n_0        |                9 |             15 |
|  clockGen/clk_out1 | cpu/u_logic/Hfyvx4                        | cpu/u_logic/Glj2z4_i_1_n_0        |                8 |             15 |
|  clockGen/clk_out1 | cpu/u_logic/Xppvx4                        | cpu/u_logic/P9h3z4_i_2_n_0        |               10 |             16 |
|  clockGen/clk_out1 | cpu/u_logic/Ddyvx4                        | cpu/u_logic/Glj2z4_i_1_n_0        |                8 |             16 |
|  clockGen/clk_out1 | cpu/u_logic/Afyvx4                        | cpu/u_logic/Glj2z4_i_1_n_0        |                9 |             16 |
|  clockGen/clk_out1 | cpu/u_logic/Vfyvx4                        | cpu/u_logic/Glj2z4_i_1_n_0        |                9 |             16 |
|  clockGen/clk_out1 | cpu/u_logic/Xppvx4                        | cpu/u_logic/Ytm2z4_i_1_n_0        |               10 |             16 |
|  clockGen/clk_out1 | SPI/spi2/shiftReg[15]_i_1_n_0             | resetGen/SR[0]                    |                2 |             16 |
|  clockGen/clk_out1 | SPI/spi2/dataRx[15]_i_1_n_0               | resetGen/SR[0]                    |                5 |             16 |
|  clockGen/clk_out1 |                                           | cpu/u_logic/Glj2z4_i_1_n_0        |               18 |             19 |
|  clockGen/clk_out1 |                                           | cpu/u_logic/Ytm2z4_i_1_n_0        |               14 |             19 |
|  clockGen/clk_out1 |                                           | cpu/u_logic/Ek03z4_i_3_n_0        |               20 |             21 |
|  clockGen/clk_out1 | cpu/u_logic/Meyvx4                        | cpu/u_logic/Cps2z4_i_3_n_0        |               13 |             25 |
|  clockGen/clk_out1 |                                           | cpu/u_logic/Y1n2z4_i_1_n_0        |               36 |             44 |
|  clockGen/clk_out1 |                                           | resetGen/resetHW                  |               15 |             48 |
|  clockGen/clk_out1 | mux/JA_OBUF[1]                            | resetGen/SR[0]                    |               24 |             59 |
|  clockGen/clk_out1 |                                           | cpu/u_logic/Cps2z4_i_3_n_0        |               40 |             68 |
|  clockGen/clk_out1 |                                           | cpu/u_logic/Ypi3z4_i_2_n_0        |               50 |             73 |
|  clockGen/clk_out1 |                                           | resetGen/SR[0]                    |               40 |            103 |
+--------------------+-------------------------------------------+-----------------------------------+------------------+----------------+


