
*** Running vivado
    with args -log AHBliteTop.vdi -applog -m64 -messageDb vivado.pb -mode batch -source AHBliteTop.tcl -notrace

WARNING: Default location for XILINX_VIVADO_HLS not found: 

****** Vivado v2015.2 (64-bit)
  **** SW Build 1266856 on Fri Jun 26 16:35:25 MDT 2015
  **** IP Build 1264090 on Wed Jun 24 14:22:01 MDT 2015
    ** Copyright 1986-2015 Xilinx, Inc. All Rights Reserved.

source AHBliteTop.tcl -notrace
Command: open_checkpoint /home/dGnome/Code/College/EmbbedDes/EEEN40280-SystemOnChip/Hardware/DemoSystem.runs/impl_1/AHBliteTop.dcp
INFO: [Netlist 29-17] Analyzing 97 Unisim elements for replacement
INFO: [Netlist 29-28] Unisim Transformation completed in 0 CPU seconds
INFO: [Project 1-479] Netlist was created with Vivado 2015.2
INFO: [Device 21-403] Loading part xc7a100tcsg324-1
INFO: [Project 1-570] Preparing netlist for logic optimization
Parsing XDC File [/home/dGnome/Code/College/EmbbedDes/EEEN40280-SystemOnChip/Hardware/DemoSystem.runs/impl_1/.Xil/Vivado-936122-dPonderStation/dcp/AHBliteTop.xdc]
Finished Parsing XDC File [/home/dGnome/Code/College/EmbbedDes/EEEN40280-SystemOnChip/Hardware/DemoSystem.runs/impl_1/.Xil/Vivado-936122-dPonderStation/dcp/AHBliteTop.xdc]
Reading XDEF placement.
Reading placer database...
Reading XDEF routing.
Read XDEF File: Time (s): cpu = 00:00:00.01 ; elapsed = 00:00:00.01 . Memory (MB): peak = 1106.684 ; gain = 0.000 ; free physical = 123 ; free virtual = 4690
Restored from archive | CPU: 0.010000 secs | Memory: 0.012978 MB |
Finished XDEF File Restore: Time (s): cpu = 00:00:00.01 ; elapsed = 00:00:00.01 . Memory (MB): peak = 1106.684 ; gain = 0.000 ; free physical = 123 ; free virtual = 4690
INFO: [Project 1-111] Unisim Transformation Summary:
No Unisim elements were transformed.

INFO: [Project 1-484] Checkpoint was created with build 1266856
Command: opt_design
Attempting to get a license for feature 'Implementation' and/or device 'xc7a100t'
INFO: [Common 17-349] Got license for feature 'Implementation' and/or device 'xc7a100t'
Running DRC as a precondition to command opt_design

Starting DRC Task
INFO: [DRC 23-27] Running DRC with 4 threads
INFO: [Project 1-461] DRC finished with 0 Errors
INFO: [Project 1-462] Please refer to the DRC report (report_drc) for more information.

Time (s): cpu = 00:00:00.19 ; elapsed = 00:00:00.19 . Memory (MB): peak = 1129.699 ; gain = 7.012 ; free physical = 230 ; free virtual = 4714
INFO: [Timing 38-35] Done setting XDC timing constraints.
INFO: [Timing 38-2] Deriving generated clocks

Starting Logic Optimization Task

Phase 1 Retarget

INFO: [Opt 31-138] Pushed 0 inverter(s) to 0 load pin(s).
INFO: [Opt 31-49] Retargeted 0 cell(s).
Phase 1 Retarget | Checksum: 126947fa0

Time (s): cpu = 00:00:00.27 ; elapsed = 00:00:00.25 . Memory (MB): peak = 1619.145 ; gain = 0.000 ; free physical = 134 ; free virtual = 4416

Phase 2 Constant Propagation
INFO: [Opt 31-138] Pushed 0 inverter(s) to 0 load pin(s).
INFO: [Opt 31-10] Eliminated 39 cells.
Phase 2 Constant Propagation | Checksum: 14f94585a

Time (s): cpu = 00:00:00.52 ; elapsed = 00:00:00.50 . Memory (MB): peak = 1619.145 ; gain = 0.000 ; free physical = 132 ; free virtual = 4414

Phase 3 Sweep
INFO: [Opt 31-12] Eliminated 261 unconnected nets.
INFO: [Opt 31-11] Eliminated 62 unconnected cells.
Phase 3 Sweep | Checksum: 15833fd2b

Time (s): cpu = 00:00:00.73 ; elapsed = 00:00:00.70 . Memory (MB): peak = 1619.145 ; gain = 0.000 ; free physical = 131 ; free virtual = 4414

Starting Connectivity Check Task

Time (s): cpu = 00:00:00.01 ; elapsed = 00:00:00.01 . Memory (MB): peak = 1619.145 ; gain = 0.000 ; free physical = 131 ; free virtual = 4414
Ending Logic Optimization Task | Checksum: 15833fd2b

Time (s): cpu = 00:00:00.75 ; elapsed = 00:00:00.72 . Memory (MB): peak = 1619.145 ; gain = 0.000 ; free physical = 131 ; free virtual = 4414
Implement Debug Cores | Checksum: 133d37f1e
Logic Optimization | Checksum: 133d37f1e

Starting Power Optimization Task
INFO: [Pwropt 34-132] Skipping clock gating for clocks with a period < 3.12 ns.
INFO: [Pwropt 34-9] Applying IDT optimizations ...
INFO: [Pwropt 34-10] Applying ODC optimizations ...


Starting PowerOpt Patch Enables Task
INFO: [Pwropt 34-162] WRITE_MODE attribute of 12 BRAM(s) out of a total of 12 has been updated to save power. Run report_power_opt to get a complete listing of the BRAMs updated.
INFO: [Pwropt 34-201] Structural ODC has moved 0 WE to EN ports
Number of BRAM Ports augmented: 12 newly gated: 0 Total Ports: 24
Ending PowerOpt Patch Enables Task | Checksum: 98ea47ae

Time (s): cpu = 00:00:00.03 ; elapsed = 00:00:00.03 . Memory (MB): peak = 1665.160 ; gain = 0.000 ; free physical = 135 ; free virtual = 4349
Ending Power Optimization Task | Checksum: 98ea47ae

Time (s): cpu = 00:00:03 ; elapsed = 00:00:03 . Memory (MB): peak = 1665.160 ; gain = 46.016 ; free physical = 135 ; free virtual = 4349
INFO: [Common 17-83] Releasing license: Implementation
25 Infos, 0 Warnings, 0 Critical Warnings and 0 Errors encountered.
opt_design completed successfully
opt_design: Time (s): cpu = 00:00:14 ; elapsed = 00:00:14 . Memory (MB): peak = 1665.160 ; gain = 558.477 ; free physical = 135 ; free virtual = 4349
Writing placer database...
Writing XDEF routing.
Writing XDEF routing logical nets.
Writing XDEF routing special nets.
Write XDEF Complete: Time (s): cpu = 00:00:00.06 ; elapsed = 00:00:00.02 . Memory (MB): peak = 1729.176 ; gain = 0.000 ; free physical = 135 ; free virtual = 4350
INFO: [DRC 23-27] Running DRC with 4 threads
INFO: [Coretcl 2-168] The results of DRC are in file /home/dGnome/Code/College/EmbbedDes/EEEN40280-SystemOnChip/Hardware/DemoSystem.runs/impl_1/AHBliteTop_drc_opted.rpt.
INFO: [#UNDEF] Cannot write hardware definition file as there are no IPI block design hardware handoff files present
Command: place_design
Attempting to get a license for feature 'Implementation' and/or device 'xc7a100t'
INFO: [Common 17-349] Got license for feature 'Implementation' and/or device 'xc7a100t'
INFO: [DRC 23-27] Running DRC with 4 threads
INFO: [Vivado_Tcl 4-198] DRC finished with 0 Errors
INFO: [Vivado_Tcl 4-199] Please refer to the DRC report (report_drc) for more information.
Running DRC as a precondition to command place_design
INFO: [DRC 23-27] Running DRC with 4 threads
INFO: [Vivado_Tcl 4-198] DRC finished with 0 Errors
INFO: [Vivado_Tcl 4-199] Please refer to the DRC report (report_drc) for more information.

Starting Placer Task
INFO: [Place 30-611] Multithreading enabled for place_design using a maximum of 4 CPUs

Phase 1 Placer Runtime Estimator
Phase 1 Placer Runtime Estimator | Checksum: 7abfa157

Time (s): cpu = 00:00:00.07 ; elapsed = 00:00:00.07 . Memory (MB): peak = 1729.176 ; gain = 0.000 ; free physical = 130 ; free virtual = 4347

Phase 2 Placer Initialization
Netlist sorting complete. Time (s): cpu = 00:00:00.01 ; elapsed = 00:00:00 . Memory (MB): peak = 1729.176 ; gain = 0.000 ; free physical = 130 ; free virtual = 4347
INFO: [Opt 31-138] Pushed 0 inverter(s) to 0 load pin(s).
Netlist sorting complete. Time (s): cpu = 00:00:00.01 ; elapsed = 00:00:00 . Memory (MB): peak = 1729.176 ; gain = 0.000 ; free physical = 130 ; free virtual = 4347

Phase 2.1 IO Placement/ Clock Placement/ Build Placer Device

Phase 2.1.1 Pre-Place Cells
Phase 2.1.1 Pre-Place Cells | Checksum: 47c93c73

Time (s): cpu = 00:00:00.22 ; elapsed = 00:00:00.22 . Memory (MB): peak = 1729.176 ; gain = 0.000 ; free physical = 130 ; free virtual = 4347
INFO: [Timing 38-35] Done setting XDC timing constraints.

Phase 2.1.2 IO & Clk Clean Up
Phase 2.1.2 IO & Clk Clean Up | Checksum: 47c93c73

Time (s): cpu = 00:00:02 ; elapsed = 00:00:01 . Memory (MB): peak = 1729.176 ; gain = 0.000 ; free physical = 125 ; free virtual = 4345

Phase 2.1.3 Implementation Feasibility check On IDelay
Phase 2.1.3 Implementation Feasibility check On IDelay | Checksum: 47c93c73

Time (s): cpu = 00:00:02 ; elapsed = 00:00:01 . Memory (MB): peak = 1729.176 ; gain = 0.000 ; free physical = 125 ; free virtual = 4345

Phase 2.1.4 Commit IO Placement
Phase 2.1.4 Commit IO Placement | Checksum: e511b4dc

Time (s): cpu = 00:00:02 ; elapsed = 00:00:01 . Memory (MB): peak = 1729.176 ; gain = 0.000 ; free physical = 125 ; free virtual = 4345
Phase 2.1 IO Placement/ Clock Placement/ Build Placer Device | Checksum: 10aaf9442

Time (s): cpu = 00:00:02 ; elapsed = 00:00:01 . Memory (MB): peak = 1729.176 ; gain = 0.000 ; free physical = 125 ; free virtual = 4345

Phase 2.2 Build Placer Netlist Model

Phase 2.2.1 Place Init Design

Phase 2.2.1.1 Init Lut Pin Assignment
Phase 2.2.1.1 Init Lut Pin Assignment | Checksum: 1af8921ce

Time (s): cpu = 00:00:03 ; elapsed = 00:00:02 . Memory (MB): peak = 1729.176 ; gain = 0.000 ; free physical = 124 ; free virtual = 4344
Phase 2.2.1 Place Init Design | Checksum: 1f78e0abd

Time (s): cpu = 00:00:05 ; elapsed = 00:00:03 . Memory (MB): peak = 1729.176 ; gain = 0.000 ; free physical = 120 ; free virtual = 4341
Phase 2.2 Build Placer Netlist Model | Checksum: 1f78e0abd

Time (s): cpu = 00:00:05 ; elapsed = 00:00:03 . Memory (MB): peak = 1729.176 ; gain = 0.000 ; free physical = 120 ; free virtual = 4341

Phase 2.3 Constrain Clocks/Macros

Phase 2.3.1 Constrain Global/Regional Clocks
Phase 2.3.1 Constrain Global/Regional Clocks | Checksum: 1f78e0abd

Time (s): cpu = 00:00:05 ; elapsed = 00:00:03 . Memory (MB): peak = 1729.176 ; gain = 0.000 ; free physical = 120 ; free virtual = 4341
Phase 2.3 Constrain Clocks/Macros | Checksum: 1f78e0abd

Time (s): cpu = 00:00:05 ; elapsed = 00:00:03 . Memory (MB): peak = 1729.176 ; gain = 0.000 ; free physical = 120 ; free virtual = 4341
Phase 2 Placer Initialization | Checksum: 1f78e0abd

Time (s): cpu = 00:00:05 ; elapsed = 00:00:03 . Memory (MB): peak = 1729.176 ; gain = 0.000 ; free physical = 120 ; free virtual = 4341

Phase 3 Global Placement
Phase 3 Global Placement | Checksum: 12cb3c8a7

Time (s): cpu = 00:00:13 ; elapsed = 00:00:06 . Memory (MB): peak = 1761.184 ; gain = 32.008 ; free physical = 178 ; free virtual = 4333

Phase 4 Detail Placement

Phase 4.1 Commit Multi Column Macros
Phase 4.1 Commit Multi Column Macros | Checksum: 12cb3c8a7

Time (s): cpu = 00:00:13 ; elapsed = 00:00:06 . Memory (MB): peak = 1761.184 ; gain = 32.008 ; free physical = 178 ; free virtual = 4333

Phase 4.2 Commit Most Macros & LUTRAMs
Phase 4.2 Commit Most Macros & LUTRAMs | Checksum: 16ec90444

Time (s): cpu = 00:00:16 ; elapsed = 00:00:07 . Memory (MB): peak = 1761.184 ; gain = 32.008 ; free physical = 178 ; free virtual = 4333

Phase 4.3 Area Swap Optimization
Phase 4.3 Area Swap Optimization | Checksum: 17c09fcad

Time (s): cpu = 00:00:16 ; elapsed = 00:00:08 . Memory (MB): peak = 1761.184 ; gain = 32.008 ; free physical = 177 ; free virtual = 4332

Phase 4.4 updateClock Trees: DP
Phase 4.4 updateClock Trees: DP | Checksum: 17c09fcad

Time (s): cpu = 00:00:16 ; elapsed = 00:00:08 . Memory (MB): peak = 1761.184 ; gain = 32.008 ; free physical = 177 ; free virtual = 4332

Phase 4.5 Timing Path Optimizer
Phase 4.5 Timing Path Optimizer | Checksum: 115f06e0c

Time (s): cpu = 00:00:17 ; elapsed = 00:00:08 . Memory (MB): peak = 1761.184 ; gain = 32.008 ; free physical = 177 ; free virtual = 4332

Phase 4.6 Small Shape Detail Placement

Phase 4.6.1 Commit Small Macros & Core Logic

Phase 4.6.1.1 setBudgets
Phase 4.6.1.1 setBudgets | Checksum: 18c5ab05e

Time (s): cpu = 00:00:17 ; elapsed = 00:00:08 . Memory (MB): peak = 1761.184 ; gain = 32.008 ; free physical = 177 ; free virtual = 4332

Phase 4.6.1.2 Commit Slice Clusters
Phase 4.6.1.2 Commit Slice Clusters | Checksum: 1a40f4a67

Time (s): cpu = 00:00:19 ; elapsed = 00:00:09 . Memory (MB): peak = 1761.184 ; gain = 32.008 ; free physical = 169 ; free virtual = 4326
Phase 4.6.1 Commit Small Macros & Core Logic | Checksum: 1a40f4a67

Time (s): cpu = 00:00:19 ; elapsed = 00:00:09 . Memory (MB): peak = 1761.184 ; gain = 32.008 ; free physical = 169 ; free virtual = 4326

Phase 4.6.2 Clock Restriction Legalization for Leaf Columns
Phase 4.6.2 Clock Restriction Legalization for Leaf Columns | Checksum: 1a40f4a67

Time (s): cpu = 00:00:19 ; elapsed = 00:00:09 . Memory (MB): peak = 1761.184 ; gain = 32.008 ; free physical = 169 ; free virtual = 4326

Phase 4.6.3 Clock Restriction Legalization for Non-Clock Pins
Phase 4.6.3 Clock Restriction Legalization for Non-Clock Pins | Checksum: 1a40f4a67

Time (s): cpu = 00:00:19 ; elapsed = 00:00:09 . Memory (MB): peak = 1761.184 ; gain = 32.008 ; free physical = 169 ; free virtual = 4326
Phase 4.6 Small Shape Detail Placement | Checksum: 1a40f4a67

Time (s): cpu = 00:00:19 ; elapsed = 00:00:09 . Memory (MB): peak = 1761.184 ; gain = 32.008 ; free physical = 169 ; free virtual = 4326

Phase 4.7 Re-assign LUT pins
Phase 4.7 Re-assign LUT pins | Checksum: 1a40f4a67

Time (s): cpu = 00:00:19 ; elapsed = 00:00:10 . Memory (MB): peak = 1761.184 ; gain = 32.008 ; free physical = 169 ; free virtual = 4326
Phase 4 Detail Placement | Checksum: 1a40f4a67

Time (s): cpu = 00:00:19 ; elapsed = 00:00:10 . Memory (MB): peak = 1761.184 ; gain = 32.008 ; free physical = 169 ; free virtual = 4326

Phase 5 Post Placement Optimization and Clean-Up

Phase 5.1 PCOPT Shape updates
Phase 5.1 PCOPT Shape updates | Checksum: 18475532a

Time (s): cpu = 00:00:19 ; elapsed = 00:00:10 . Memory (MB): peak = 1761.184 ; gain = 32.008 ; free physical = 169 ; free virtual = 4326

Phase 5.2 Post Commit Optimization

Phase 5.2.1 updateClock Trees: PCOPT
Phase 5.2.1 updateClock Trees: PCOPT | Checksum: 18475532a

Time (s): cpu = 00:00:19 ; elapsed = 00:00:10 . Memory (MB): peak = 1761.184 ; gain = 32.008 ; free physical = 169 ; free virtual = 4326

Phase 5.2.2 Post Placement Optimization

Phase 5.2.2.1 Post Placement Timing Optimization
INFO: [Place 30-746] Post Placement Timing Summary WNS=2.621. For the most accurate timing information please run report_timing.
Phase 5.2.2.1 Post Placement Timing Optimization | Checksum: 1f91c9d9e

Time (s): cpu = 00:00:21 ; elapsed = 00:00:10 . Memory (MB): peak = 1761.184 ; gain = 32.008 ; free physical = 169 ; free virtual = 4327
Phase 5.2.2 Post Placement Optimization | Checksum: 1f91c9d9e

Time (s): cpu = 00:00:21 ; elapsed = 00:00:10 . Memory (MB): peak = 1761.184 ; gain = 32.008 ; free physical = 169 ; free virtual = 4327
Phase 5.2 Post Commit Optimization | Checksum: 1f91c9d9e

Time (s): cpu = 00:00:21 ; elapsed = 00:00:10 . Memory (MB): peak = 1761.184 ; gain = 32.008 ; free physical = 169 ; free virtual = 4327

Phase 5.3 Sweep Clock Roots: Post-Placement
Phase 5.3 Sweep Clock Roots: Post-Placement | Checksum: 1f91c9d9e

Time (s): cpu = 00:00:21 ; elapsed = 00:00:10 . Memory (MB): peak = 1761.184 ; gain = 32.008 ; free physical = 169 ; free virtual = 4327

Phase 5.4 Post Placement Cleanup
Phase 5.4 Post Placement Cleanup | Checksum: 1f91c9d9e

Time (s): cpu = 00:00:21 ; elapsed = 00:00:10 . Memory (MB): peak = 1761.184 ; gain = 32.008 ; free physical = 169 ; free virtual = 4327

Phase 5.5 Placer Reporting

Phase 5.5.1 Restore STA
Phase 5.5.1 Restore STA | Checksum: 1f91c9d9e

Time (s): cpu = 00:00:21 ; elapsed = 00:00:10 . Memory (MB): peak = 1761.184 ; gain = 32.008 ; free physical = 169 ; free virtual = 4327
Phase 5.5 Placer Reporting | Checksum: 1f91c9d9e

Time (s): cpu = 00:00:21 ; elapsed = 00:00:10 . Memory (MB): peak = 1761.184 ; gain = 32.008 ; free physical = 169 ; free virtual = 4327

Phase 5.6 Final Placement Cleanup
Phase 5.6 Final Placement Cleanup | Checksum: 21ba41624

Time (s): cpu = 00:00:21 ; elapsed = 00:00:10 . Memory (MB): peak = 1761.184 ; gain = 32.008 ; free physical = 169 ; free virtual = 4327
Phase 5 Post Placement Optimization and Clean-Up | Checksum: 21ba41624

Time (s): cpu = 00:00:21 ; elapsed = 00:00:10 . Memory (MB): peak = 1761.184 ; gain = 32.008 ; free physical = 169 ; free virtual = 4327
Ending Placer Task | Checksum: 15ae5495a

Time (s): cpu = 00:00:21 ; elapsed = 00:00:10 . Memory (MB): peak = 1761.184 ; gain = 32.008 ; free physical = 169 ; free virtual = 4327
INFO: [Common 17-83] Releasing license: Implementation
40 Infos, 0 Warnings, 0 Critical Warnings and 0 Errors encountered.
place_design completed successfully
place_design: Time (s): cpu = 00:00:22 ; elapsed = 00:00:11 . Memory (MB): peak = 1761.184 ; gain = 32.008 ; free physical = 169 ; free virtual = 4327
Writing placer database...
Writing XDEF routing.
Writing XDEF routing logical nets.
Writing XDEF routing special nets.
Write XDEF Complete: Time (s): cpu = 00:00:02 ; elapsed = 00:00:00.63 . Memory (MB): peak = 1761.184 ; gain = 0.000 ; free physical = 163 ; free virtual = 4327
report_io: Time (s): cpu = 00:00:00.08 ; elapsed = 00:00:00.12 . Memory (MB): peak = 1761.184 ; gain = 0.000 ; free physical = 163 ; free virtual = 4322
report_utilization: Time (s): cpu = 00:00:00.09 ; elapsed = 00:00:00.15 . Memory (MB): peak = 1761.184 ; gain = 0.000 ; free physical = 160 ; free virtual = 4319
report_control_sets: Time (s): cpu = 00:00:00.01 ; elapsed = 00:00:00.06 . Memory (MB): peak = 1761.184 ; gain = 0.000 ; free physical = 158 ; free virtual = 4317
Command: route_design
Attempting to get a license for feature 'Implementation' and/or device 'xc7a100t'
INFO: [Common 17-349] Got license for feature 'Implementation' and/or device 'xc7a100t'
Running DRC as a precondition to command route_design
INFO: [DRC 23-27] Running DRC with 4 threads
INFO: [Vivado_Tcl 4-198] DRC finished with 0 Errors
INFO: [Vivado_Tcl 4-199] Please refer to the DRC report (report_drc) for more information.


Starting Routing Task
INFO: [Route 35-254] Multithreading enabled for route_design using a maximum of 4 CPUs

Phase 1 Build RT Design
Phase 1 Build RT Design | Checksum: 13d26e230

Time (s): cpu = 00:00:29 ; elapsed = 00:00:23 . Memory (MB): peak = 1800.844 ; gain = 39.660 ; free physical = 115 ; free virtual = 4221

Phase 2 Router Initialization

Phase 2.1 Create Timer
Phase 2.1 Create Timer | Checksum: 13d26e230

Time (s): cpu = 00:00:29 ; elapsed = 00:00:23 . Memory (MB): peak = 1800.844 ; gain = 39.660 ; free physical = 140 ; free virtual = 4225

Phase 2.2 Pre Route Cleanup
Phase 2.2 Pre Route Cleanup | Checksum: 13d26e230

Time (s): cpu = 00:00:29 ; elapsed = 00:00:23 . Memory (MB): peak = 1804.840 ; gain = 43.656 ; free physical = 140 ; free virtual = 4215
 Number of Nodes with overlaps = 0

Phase 2.3 Update Timing
Phase 2.3 Update Timing | Checksum: fbc6317d

Time (s): cpu = 00:00:33 ; elapsed = 00:00:25 . Memory (MB): peak = 1827.105 ; gain = 65.922 ; free physical = 165 ; free virtual = 4195
INFO: [Route 35-57] Estimated Timing Summary | WNS=2.987  | TNS=0.000  | WHS=-0.361 | THS=-28.643|

Phase 2 Router Initialization | Checksum: 80d3bc5b

Time (s): cpu = 00:00:35 ; elapsed = 00:00:25 . Memory (MB): peak = 1827.105 ; gain = 65.922 ; free physical = 162 ; free virtual = 4193

Phase 3 Initial Routing
Phase 3 Initial Routing | Checksum: 115867d70

Time (s): cpu = 00:00:39 ; elapsed = 00:00:27 . Memory (MB): peak = 1827.105 ; gain = 65.922 ; free physical = 153 ; free virtual = 4186

Phase 4 Rip-up And Reroute

Phase 4.1 Global Iteration 0
 Number of Nodes with overlaps = 1734
 Number of Nodes with overlaps = 348
 Number of Nodes with overlaps = 73
 Number of Nodes with overlaps = 12
 Number of Nodes with overlaps = 3
 Number of Nodes with overlaps = 1
 Number of Nodes with overlaps = 0

Phase 4.1.1 Update Timing
Phase 4.1.1 Update Timing | Checksum: eabdc895

Time (s): cpu = 00:00:58 ; elapsed = 00:00:33 . Memory (MB): peak = 1827.105 ; gain = 65.922 ; free physical = 173 ; free virtual = 4204
INFO: [Route 35-57] Estimated Timing Summary | WNS=2.326  | TNS=0.000  | WHS=N/A    | THS=N/A    |

Phase 4.1 Global Iteration 0 | Checksum: 1ab11dfc7

Time (s): cpu = 00:00:58 ; elapsed = 00:00:33 . Memory (MB): peak = 1827.105 ; gain = 65.922 ; free physical = 173 ; free virtual = 4204
Phase 4 Rip-up And Reroute | Checksum: 1ab11dfc7

Time (s): cpu = 00:00:58 ; elapsed = 00:00:33 . Memory (MB): peak = 1827.105 ; gain = 65.922 ; free physical = 173 ; free virtual = 4204

Phase 5 Delay and Skew Optimization

Phase 5.1 Delay CleanUp

Phase 5.1.1 Update Timing
Phase 5.1.1 Update Timing | Checksum: d37a87f5

Time (s): cpu = 00:00:58 ; elapsed = 00:00:33 . Memory (MB): peak = 1827.105 ; gain = 65.922 ; free physical = 173 ; free virtual = 4204
INFO: [Route 35-57] Estimated Timing Summary | WNS=2.333  | TNS=0.000  | WHS=N/A    | THS=N/A    |

Phase 5.1 Delay CleanUp | Checksum: d37a87f5

Time (s): cpu = 00:00:59 ; elapsed = 00:00:33 . Memory (MB): peak = 1827.105 ; gain = 65.922 ; free physical = 172 ; free virtual = 4203

Phase 5.2 Clock Skew Optimization
Phase 5.2 Clock Skew Optimization | Checksum: d37a87f5

Time (s): cpu = 00:00:59 ; elapsed = 00:00:33 . Memory (MB): peak = 1827.105 ; gain = 65.922 ; free physical = 172 ; free virtual = 4203
Phase 5 Delay and Skew Optimization | Checksum: d37a87f5

Time (s): cpu = 00:00:59 ; elapsed = 00:00:33 . Memory (MB): peak = 1827.105 ; gain = 65.922 ; free physical = 172 ; free virtual = 4203

Phase 6 Post Hold Fix

Phase 6.1 Update Timing
Phase 6.1 Update Timing | Checksum: 1753d2f77

Time (s): cpu = 00:01:00 ; elapsed = 00:00:33 . Memory (MB): peak = 1827.105 ; gain = 65.922 ; free physical = 172 ; free virtual = 4203
INFO: [Route 35-57] Estimated Timing Summary | WNS=2.333  | TNS=0.000  | WHS=0.053  | THS=0.000  |

Phase 6 Post Hold Fix | Checksum: 1753d2f77

Time (s): cpu = 00:01:00 ; elapsed = 00:00:33 . Memory (MB): peak = 1827.105 ; gain = 65.922 ; free physical = 172 ; free virtual = 4203

Phase 7 Route finalize

Router Utilization Summary
  Global Vertical Routing Utilization    = 1.24094 %
  Global Horizontal Routing Utilization  = 1.83632 %
  Routable Net Status*
  *Does not include unroutable nets such as driverless and loadless.
  Run report_route_status for detailed report.
  Number of Failed Nets               = 0
  Number of Unrouted Nets             = 0
  Number of Partially Routed Nets     = 0
  Number of Node Overlaps             = 0

Phase 7 Route finalize | Checksum: 192070525

Time (s): cpu = 00:01:00 ; elapsed = 00:00:33 . Memory (MB): peak = 1827.105 ; gain = 65.922 ; free physical = 172 ; free virtual = 4203

Phase 8 Verifying routed nets

 Verification completed successfully
Phase 8 Verifying routed nets | Checksum: 192070525

Time (s): cpu = 00:01:00 ; elapsed = 00:00:33 . Memory (MB): peak = 1827.105 ; gain = 65.922 ; free physical = 172 ; free virtual = 4203

Phase 9 Depositing Routes
Phase 9 Depositing Routes | Checksum: 1d3198276

Time (s): cpu = 00:01:00 ; elapsed = 00:00:34 . Memory (MB): peak = 1827.105 ; gain = 65.922 ; free physical = 171 ; free virtual = 4203

Phase 10 Post Router Timing
INFO: [Route 35-57] Estimated Timing Summary | WNS=2.333  | TNS=0.000  | WHS=0.053  | THS=0.000  |

INFO: [Route 35-327] The final timing numbers are based on the router estimated timing analysis. For a complete and accurate timing signoff, please run report_timing_summary.
Phase 10 Post Router Timing | Checksum: 1d3198276

Time (s): cpu = 00:01:00 ; elapsed = 00:00:34 . Memory (MB): peak = 1827.105 ; gain = 65.922 ; free physical = 171 ; free virtual = 4203
INFO: [Route 35-16] Router Completed Successfully

Time (s): cpu = 00:01:00 ; elapsed = 00:00:34 . Memory (MB): peak = 1827.105 ; gain = 65.922 ; free physical = 171 ; free virtual = 4203

Routing Is Done.
INFO: [Common 17-83] Releasing license: Implementation
53 Infos, 0 Warnings, 0 Critical Warnings and 0 Errors encountered.
route_design completed successfully
route_design: Time (s): cpu = 00:01:01 ; elapsed = 00:00:35 . Memory (MB): peak = 1827.105 ; gain = 65.922 ; free physical = 171 ; free virtual = 4203
Writing placer database...
Writing XDEF routing.
Writing XDEF routing logical nets.
Writing XDEF routing special nets.
Write XDEF Complete: Time (s): cpu = 00:00:02 ; elapsed = 00:00:00.64 . Memory (MB): peak = 1865.113 ; gain = 0.000 ; free physical = 161 ; free virtual = 4201
INFO: [DRC 23-27] Running DRC with 4 threads
INFO: [Coretcl 2-168] The results of DRC are in file /home/dGnome/Code/College/EmbbedDes/EEEN40280-SystemOnChip/Hardware/DemoSystem.runs/impl_1/AHBliteTop_drc_routed.rpt.
INFO: [Timing 38-91] UpdateTimingParams: Speed grade: -1, Delay Type: min_max.
INFO: [Timing 38-191] Multithreading enabled for timing update using a maximum of 4 CPUs
Running Vector-less Activity Propagation...

Finished Running Vector-less Activity Propagation
INFO: [Common 17-206] Exiting Vivado at Sun May 10 00:09:16 2026...
